[00:03:47.629][info] [#0:/home/marco/.config/coc/extensions/coc-sumneko-lua-data/sumneko-lua-ls/extension/server/main.lua:65]: Lua Lsp startup, root: 	/home/marco/.config/coc/extensions/coc-sumneko-lua-data/sumneko-lua-ls/extension/server
[00:03:47.629][info] [#0:/home/marco/.config/coc/extensions/coc-sumneko-lua-data/sumneko-lua-ls/extension/server/main.lua:66]: ROOT:	/home/marco/.config/coc/extensions/coc-sumneko-lua-data/sumneko-lua-ls/extension/server
[00:03:47.629][info] [#0:/home/marco/.config/coc/extensions/coc-sumneko-lua-data/sumneko-lua-ls/extension/server/main.lua:67]: LOGPATH:	/home/marco/.config/coc/extensions/coc-sumneko-lua-data/sumneko-lua-ls/extension/server/log
[00:03:47.629][info] [#0:/home/marco/.config/coc/extensions/coc-sumneko-lua-data/sumneko-lua-ls/extension/server/main.lua:68]: METAPATH:	/home/marco/.config/coc/extensions/coc-sumneko-lua-data/sumneko-lua-ls/extension/server/meta
[00:03:47.629][info] [#0:/home/marco/.config/coc/extensions/coc-sumneko-lua-data/sumneko-lua-ls/extension/server/main.lua:69]: VERSION:	3.5.6
[00:03:47.654][info] [#0:script/service/service.lua:141]: 
========= Medical Examination Report =========
    --------------- Memory ---------------
        Total: 1.907 MB
        # 00 : 1.907 MB
        # 01 : 0.000 MB
        # 02 : 0.000 MB
        # 03 : 0.000 MB
        # 04 : 0.000 MB
    --------------- Coroutine ---------------
        Total:     0
        Running:   0
        Suspended: 0
        Normal:    0
        Dead:      0
    --------------- Cache ---------------
        Total: 1
        Dead:  0
    ---------------  RPC  ---------------
        Holdon:   0
        Waiting:  0
==============================================
[00:03:47.659][info] [#0:script/language.lua:137]: VSC language: en-us
[00:03:47.659][info] [#0:script/language.lua:138]: LS  language: en-us
[00:03:47.659][info] [#0:script/workspace/workspace.lua:38]: Workspace init root: 	file:///home/marco/.config
[00:03:47.659][info] [#0:script/workspace/workspace.lua:42]: Log path: 	/home/marco/.config/coc/extensions/coc-sumneko-lua-data/sumneko-lua-ls/extension/server/log/file_home_marco_.config.log
